0 info it worked if it ends with ok
1 verbose cli [ '/usr/bin/node', '/usr/bin/npm', 'run', 'coveralls' ]
2 info using npm@1.4.28
3 info using node@v0.10.33
4 verbose node symlink /usr/bin/node
5 verbose run-script [ 'precoveralls', 'coveralls', 'postcoveralls' ]
6 info precoveralls rescheme@0.0.6
7 info coveralls rescheme@0.0.6
8 verbose unsafe-perm in lifecycle true
9 info rescheme@0.0.6 Failed to exec coveralls script
10 error rescheme@0.0.6 coveralls: `jscoverage lib && GPXPARSE_COV=1 nodeunit --reporter=lcov test | coveralls`
10 error Exit status 8
11 error Failed at the rescheme@0.0.6 coveralls script.
11 error This is most likely a problem with the rescheme package,
11 error not with npm itself.
11 error Tell the author that this fails on your system:
11 error     jscoverage lib && GPXPARSE_COV=1 nodeunit --reporter=lcov test | coveralls
11 error You can get their info via:
11 error     npm owner ls rescheme
11 error There is likely additional logging output above.
12 error System Linux 3.2.0-4-amd64
13 error command "/usr/bin/node" "/usr/bin/npm" "run" "coveralls"
14 error cwd /var/www/projects/j_trans/json-rescheme
15 error node -v v0.10.33
16 error npm -v 1.4.28
17 error code ELIFECYCLE
18 verbose exit [ 1, true ]
